<?xml version="1.0" encoding="UTF-8"?>
<!-- Generated by org.testng.reporters.JUnitReportReporter -->
<testsuite hostname="DESKTOP-HRISQ2F" failures="0" tests="1" name="testNG_Examples.testNG_Basic" time="0.011" errors="0" timestamp="2023-05-08T09:58:49 IST" skipped="0">
  <testcase classname="testNG_Examples.testNG_Basic" name="annotation" time="0.011"/>
  <system-out/>
</testsuite> <!-- testNG_Examples.testNG_Basic -->
