<?xml version="1.0" encoding="UTF-8"?>
<!-- Generated by org.testng.reporters.JUnitReportReporter -->
<testsuite hostname="DESKTOP-HRISQ2F" failures="0" tests="4" name="com.Infionic_Testing.Infionic_Automation" time="14.243" errors="0" timestamp="2023-08-29T17:53:02 IST" skipped="0">
  <testcase classname="com.Infionic_Testing.Infionic_Automation" name="NavigatingApplication" time="0.131"/>
  <system-out/>
  <testcase classname="com.Infionic_Testing.Infionic_Automation" name="ClickingthelogInButton" time="1.824"/>
  <system-out/>
  <testcase classname="com.Infionic_Testing.Infionic_Automation" name="performthedashboard" time="4.168"/>
  <system-out/>
  <testcase classname="com.Infionic_Testing.Infionic_Automation" name="clickHRbutton" time="8.120"/>
  <system-out/>
</testsuite> <!-- com.Infionic_Testing.Infionic_Automation -->
