<?xml version="1.0" encoding="UTF-8"?>
<!-- Generated by org.testng.reporters.JUnitReportReporter -->
<testsuite hostname="DESKTOP-HRISQ2F" failures="0" tests="4" name="testNG_Examples.Annotation4" time="0.023" errors="0" timestamp="2023-05-08T13:19:39 IST" skipped="1">
  <testcase classname="testNG_Examples.Annotation4" name="gmailApplicationInBoxTest" time="0.014"/>
  <system-out/>
  <testcase classname="testNG_Examples.Annotation4" name="gmailApplicationComposeMailTest" time="0.007"/>
  <system-out/>
  <testcase classname="testNG_Examples.Annotation4" name="gmailApplicationSentMailTest" time="0.002"/>
  <system-out/>
  <testcase classname="testNG_Examples.Annotation4" name="gmailApplicationDraftsTest">
    <skipped/>
  </testcase> <!-- gmailApplicationDraftsTest -->
  <system-out/>
</testsuite> <!-- testNG_Examples.Annotation4 -->
