<?xml version="1.0" encoding="UTF-8"?>
<!-- Generated by org.testng.reporters.JUnitReportReporter -->
<testsuite hostname="DESKTOP-HRISQ2F" failures="0" tests="1" name="com.RadioButtons.RadioButtonsTesting" time="16.071" errors="0" timestamp="2023-05-25T21:47:43 IST" skipped="0">
  <testcase classname="com.RadioButtons.RadioButtonsTesting" name="radioButtonsTesting" time="16.071"/>
  <system-out/>
</testsuite> <!-- com.RadioButtons.RadioButtonsTesting -->
