<?xml version="1.0" encoding="UTF-8"?>
<!-- Generated by org.testng.reporters.JUnitReportReporter -->
<testsuite hostname="DESKTOP-HRISQ2F" failures="0" tests="1" name="com.WebTable_cities_GetNames.DyanamicWebTable" time="15.603" errors="0" timestamp="2023-05-14T13:03:24 IST" skipped="0">
  <testcase classname="com.WebTable_cities_GetNames.DyanamicWebTable" name="getCompleteWebTableDataTest" time="15.603"/>
  <system-out/>
</testsuite> <!-- com.WebTable_cities_GetNames.DyanamicWebTable -->
