<?xml version="1.0" encoding="UTF-8"?>
<!-- Generated by org.testng.reporters.JUnitReportReporter -->
<testsuite hostname="DESKTOP-HRISQ2F" failures="0" tests="1" name="testNG_Examples.rediff_FullName_test" time="4.316" errors="0" timestamp="2023-05-09T16:17:58 IST" skipped="0">
  <testcase classname="testNG_Examples.rediff_FullName_test" name="rediff_Fullname" time="4.316"/>
  <system-out/>
</testsuite> <!-- testNG_Examples.rediff_FullName_test -->
