<?xml version="1.0" encoding="UTF-8"?>
<!-- Generated by org.testng.reporters.JUnitReportReporter -->
<testsuite hostname="Mehaboob" failures="0" tests="1" name="web_TestCases.TC_002" time="111.983" errors="0" timestamp="2024-03-17T14:13:15 IST" skipped="0">
  <testcase classname="web_TestCases.TC_002" name="web" time="111.983"/>
  <system-out/>
</testsuite> <!-- web_TestCases.TC_002 -->
