<?xml version="1.0" encoding="UTF-8"?>
<!-- Generated by org.testng.reporters.JUnitReportReporter -->
<testsuite hostname="Mehaboob" failures="0" tests="1" name="perch_TestsCasess.PER_001" time="24.247" errors="0" timestamp="2024-01-13T00:47:00 IST" skipped="0">
  <testcase classname="perch_TestsCasess.PER_001" name="run" time="24.247"/>
  <system-out/>
</testsuite> <!-- perch_TestsCasess.PER_001 -->
