<?xml version="1.0" encoding="UTF-8"?>
<!-- Generated by org.testng.reporters.JUnitReportReporter -->
<testsuite hostname="Mehaboob" failures="0" tests="1" name="web_TestCases.SignIn_001" time="63.287" errors="0" timestamp="2024-03-12T09:47:14 IST" skipped="0">
  <testcase classname="web_TestCases.SignIn_001" name="web" time="63.287"/>
  <system-out/>
</testsuite> <!-- web_TestCases.SignIn_001 -->
