<?xml version="1.0" encoding="UTF-8"?>
<!-- Generated by org.testng.reporters.JUnitReportReporter -->
<testsuite hostname="Mehaboob" failures="0" tests="1" name="web_TestCases.TC_003" time="62.689" errors="0" timestamp="2024-03-17T14:35:53 IST" skipped="0">
  <testcase classname="web_TestCases.TC_003" name="web" time="62.689"/>
  <system-out/>
</testsuite> <!-- web_TestCases.TC_003 -->
